<?xml version="1.0" encoding="UTF-8"?>
<!-- Generated by org.testng.reporters.JUnitReportReporter -->
<testsuite skipped="0" hostname="WKWIN1726912" name="com.testAutomation.TestRunner.TestRunner" tests="1" failures="0" timestamp="21 May 2019 11:44:01 GMT" time="0.031" errors="0">
  <testcase name="feature" time="0.031" classname="com.testAutomation.TestRunner.TestRunner"/>
</testsuite> <!-- com.testAutomation.TestRunner.TestRunner -->
